{"D:\\MVVM_project\\src\\Compiler.js": {"path":"D:\\MVVM_project\\src\\Compiler.js","statementMap":{"0":{"start":{"line":8,"column":8},"end":{"line":8,"column":19}},"1":{"start":{"line":9,"column":8},"end":{"line":9,"column":75}},"2":{"start":{"line":10,"column":8},"end":{"line":16,"column":9}},"3":{"start":{"line":12,"column":27},"end":{"line":12,"column":51}},"4":{"start":{"line":13,"column":12},"end":{"line":13,"column":35}},"5":{"start":{"line":14,"column":12},"end":{"line":14,"column":42}},"6":{"start":{"line":15,"column":12},"end":{"line":15,"column":26}},"7":{"start":{"line":24,"column":23},"end":{"line":24,"column":56}},"8":{"start":{"line":26,"column":8},"end":{"line":28,"column":9}},"9":{"start":{"line":27,"column":12},"end":{"line":27,"column":44}},"10":{"start":{"line":29,"column":8},"end":{"line":29,"column":24}},"11":{"start":{"line":37,"column":25},"end":{"line":37,"column":44}},"12":{"start":{"line":38,"column":8},"end":{"line":45,"column":10}},"13":{"start":{"line":39,"column":12},"end":{"line":44,"column":13}},"14":{"start":{"line":40,"column":16},"end":{"line":40,"column":42}},"15":{"start":{"line":41,"column":16},"end":{"line":41,"column":35}},"16":{"start":{"line":42,"column":18},"end":{"line":44,"column":13}},"17":{"start":{"line":43,"column":16},"end":{"line":43,"column":39}},"18":{"start":{"line":53,"column":28},"end":{"line":53,"column":43}},"19":{"start":{"line":54,"column":8},"end":{"line":66,"column":10}},"20":{"start":{"line":55,"column":23},"end":{"line":55,"column":35}},"21":{"start":{"line":56,"column":24},"end":{"line":56,"column":37}},"22":{"start":{"line":57,"column":12},"end":{"line":65,"column":13}},"23":{"start":{"line":58,"column":30},"end":{"line":58,"column":43}},"24":{"start":{"line":59,"column":38},"end":{"line":59,"column":59}},"25":{"start":{"line":60,"column":16},"end":{"line":64,"column":17}},"26":{"start":{"line":61,"column":20},"end":{"line":61,"column":54}},"27":{"start":{"line":63,"column":20},"end":{"line":63,"column":59}},"28":{"start":{"line":74,"column":26},"end":{"line":74,"column":42}},"29":{"start":{"line":75,"column":21},"end":{"line":75,"column":35}},"30":{"start":{"line":76,"column":8},"end":{"line":78,"column":9}},"31":{"start":{"line":77,"column":12},"end":{"line":77,"column":58}},"32":{"start":{"line":83,"column":0},"end":{"line":83,"column":27}}},"fnMap":{"0":{"name":"(anonymous_0)","decl":{"start":{"line":7,"column":4},"end":{"line":7,"column":5}},"loc":{"start":{"line":7,"column":20},"end":{"line":17,"column":5}},"line":7},"1":{"name":"(anonymous_1)","decl":{"start":{"line":23,"column":4},"end":{"line":23,"column":5}},"loc":{"start":{"line":23,"column":18},"end":{"line":30,"column":5}},"line":23},"2":{"name":"(anonymous_2)","decl":{"start":{"line":36,"column":4},"end":{"line":36,"column":5}},"loc":{"start":{"line":36,"column":21},"end":{"line":46,"column":5}},"line":36},"3":{"name":"(anonymous_3)","decl":{"start":{"line":38,"column":39},"end":{"line":38,"column":40}},"loc":{"start":{"line":38,"column":45},"end":{"line":45,"column":9}},"line":38},"4":{"name":"(anonymous_4)","decl":{"start":{"line":52,"column":4},"end":{"line":52,"column":5}},"loc":{"start":{"line":52,"column":24},"end":{"line":67,"column":5}},"line":52},"5":{"name":"(anonymous_5)","decl":{"start":{"line":54,"column":42},"end":{"line":54,"column":43}},"loc":{"start":{"line":54,"column":48},"end":{"line":66,"column":9}},"line":54},"6":{"name":"(anonymous_6)","decl":{"start":{"line":73,"column":4},"end":{"line":73,"column":5}},"loc":{"start":{"line":73,"column":21},"end":{"line":79,"column":5}},"line":73}},"branchMap":{"0":{"loc":{"start":{"line":9,"column":18},"end":{"line":9,"column":74}},"type":"cond-expr","locations":[{"start":{"line":9,"column":39},"end":{"line":9,"column":44}},{"start":{"line":9,"column":45},"end":{"line":9,"column":74}}],"line":9},"1":{"loc":{"start":{"line":10,"column":8},"end":{"line":16,"column":9}},"type":"if","locations":[{"start":{"line":10,"column":8},"end":{"line":16,"column":9}},{"start":{},"end":{}}],"line":10},"2":{"loc":{"start":{"line":39,"column":12},"end":{"line":44,"column":13}},"type":"if","locations":[{"start":{"line":39,"column":12},"end":{"line":44,"column":13}},{"start":{"line":42,"column":18},"end":{"line":44,"column":13}}],"line":39},"3":{"loc":{"start":{"line":42,"column":18},"end":{"line":44,"column":13}},"type":"if","locations":[{"start":{"line":42,"column":18},"end":{"line":44,"column":13}},{"start":{},"end":{}}],"line":42},"4":{"loc":{"start":{"line":57,"column":12},"end":{"line":65,"column":13}},"type":"if","locations":[{"start":{"line":57,"column":12},"end":{"line":65,"column":13}},{"start":{},"end":{}}],"line":57},"5":{"loc":{"start":{"line":60,"column":16},"end":{"line":64,"column":17}},"type":"if","locations":[{"start":{"line":60,"column":16},"end":{"line":64,"column":17}},{"start":{"line":62,"column":22},"end":{"line":64,"column":17}}],"line":60},"6":{"loc":{"start":{"line":76,"column":8},"end":{"line":78,"column":9}},"type":"if","locations":[{"start":{"line":76,"column":8},"end":{"line":78,"column":9}},{"start":{},"end":{}}],"line":76}},"s":{"0":2,"1":2,"2":2,"3":2,"4":2,"5":2,"6":2,"7":2,"8":2,"9":4,"10":2,"11":6,"12":6,"13":6,"14":4,"15":4,"16":2,"17":2,"18":4,"19":4,"20":4,"21":4,"22":4,"23":2,"24":2,"25":2,"26":0,"27":2,"28":2,"29":2,"30":2,"31":2,"32":1},"f":{"0":2,"1":2,"2":6,"3":6,"4":4,"5":4,"6":2},"b":{"0":[2,0],"1":[2,0],"2":[4,2],"3":[2,0],"4":[2,2],"5":[0,2],"6":[2,0]},"_coverageSchema":"1a1c01bbd47fc00a2c39e90264f33305004495a9","hash":"85d85bf5f2f12c3557b7b9ec8af63d38da50e599"}
,"D:\\MVVM_project\\src\\CompilerUtil.js": {"path":"D:\\MVVM_project\\src\\CompilerUtil.js","statementMap":{"0":{"start":{"line":8,"column":20},"end":{"line":57,"column":1}},"1":{"start":{"line":17,"column":21},"end":{"line":17,"column":33}},"2":{"start":{"line":19,"column":20},"end":{"line":19,"column":55}},"3":{"start":{"line":21,"column":8},"end":{"line":25,"column":9}},"4":{"start":{"line":22,"column":12},"end":{"line":24,"column":15}},"5":{"start":{"line":23,"column":16},"end":{"line":23,"column":81}},"6":{"start":{"line":26,"column":8},"end":{"line":26,"column":43}},"7":{"start":{"line":36,"column":8},"end":{"line":38,"column":10}},"8":{"start":{"line":37,"column":12},"end":{"line":37,"column":51}},"9":{"start":{"line":39,"column":8},"end":{"line":42,"column":10}},"10":{"start":{"line":40,"column":27},"end":{"line":40,"column":45}},"11":{"start":{"line":41,"column":12},"end":{"line":41,"column":45}},"12":{"start":{"line":43,"column":8},"end":{"line":43,"column":63}}},"fnMap":{"0":{"name":"(anonymous_0)","decl":{"start":{"line":16,"column":4},"end":{"line":16,"column":5}},"loc":{"start":{"line":16,"column":36},"end":{"line":27,"column":5}},"line":16},"1":{"name":"(anonymous_1)","decl":{"start":{"line":22,"column":38},"end":{"line":22,"column":39}},"loc":{"start":{"line":22,"column":50},"end":{"line":24,"column":13}},"line":22},"2":{"name":"(anonymous_2)","decl":{"start":{"line":35,"column":4},"end":{"line":35,"column":5}},"loc":{"start":{"line":35,"column":29},"end":{"line":44,"column":5}},"line":35},"3":{"name":"(anonymous_3)","decl":{"start":{"line":36,"column":34},"end":{"line":36,"column":35}},"loc":{"start":{"line":36,"column":46},"end":{"line":38,"column":9}},"line":36},"4":{"name":"(anonymous_4)","decl":{"start":{"line":39,"column":38},"end":{"line":39,"column":39}},"loc":{"start":{"line":39,"column":47},"end":{"line":42,"column":9}},"line":39}},"branchMap":{},"s":{"0":1,"1":3,"2":3,"3":3,"4":3,"5":0,"6":3,"7":5,"8":0,"9":5,"10":0,"11":0,"12":5},"f":{"0":3,"1":0,"2":5,"3":0,"4":0},"b":{},"_coverageSchema":"1a1c01bbd47fc00a2c39e90264f33305004495a9","hash":"5877c84e79457f9758a7e9b76d63c5bfcc6a1a0c"}
,"D:\\MVVM_project\\src\\Dep.js": {"path":"D:\\MVVM_project\\src\\Dep.js","statementMap":{"0":{"start":{"line":8,"column":2},"end":{"line":8,"column":21}},"1":{"start":{"line":16,"column":2},"end":{"line":16,"column":33}},"2":{"start":{"line":25,"column":2},"end":{"line":27,"column":4}},"3":{"start":{"line":26,"column":3},"end":{"line":26,"column":21}},"4":{"start":{"line":32,"column":0},"end":{"line":32,"column":17}}},"fnMap":{"0":{"name":"(anonymous_0)","decl":{"start":{"line":7,"column":1},"end":{"line":7,"column":2}},"loc":{"start":{"line":7,"column":15},"end":{"line":9,"column":2}},"line":7},"1":{"name":"(anonymous_1)","decl":{"start":{"line":15,"column":1},"end":{"line":15,"column":2}},"loc":{"start":{"line":15,"column":23},"end":{"line":18,"column":2}},"line":15},"2":{"name":"(anonymous_2)","decl":{"start":{"line":23,"column":1},"end":{"line":23,"column":2}},"loc":{"start":{"line":23,"column":12},"end":{"line":28,"column":2}},"line":23},"3":{"name":"(anonymous_3)","decl":{"start":{"line":25,"column":27},"end":{"line":25,"column":28}},"loc":{"start":{"line":25,"column":36},"end":{"line":27,"column":3}},"line":25}},"branchMap":{},"s":{"0":7,"1":13,"2":1,"3":1,"4":1},"f":{"0":7,"1":13,"2":1,"3":1},"b":{},"_coverageSchema":"1a1c01bbd47fc00a2c39e90264f33305004495a9","hash":"bb29a84e2eb96dc440f9dbea21a54eef149fd133"}
,"D:\\MVVM_project\\src\\Dmvvm.js": {"path":"D:\\MVVM_project\\src\\Dmvvm.js","statementMap":{"0":{"start":{"line":8,"column":8},"end":{"line":8,"column":36}},"1":{"start":{"line":9,"column":8},"end":{"line":9,"column":40}},"2":{"start":{"line":11,"column":8},"end":{"line":17,"column":9}},"3":{"start":{"line":13,"column":12},"end":{"line":13,"column":36}},"4":{"start":{"line":16,"column":12},"end":{"line":16,"column":31}},"5":{"start":{"line":21,"column":0},"end":{"line":21,"column":21}}},"fnMap":{"0":{"name":"(anonymous_0)","decl":{"start":{"line":7,"column":4},"end":{"line":7,"column":5}},"loc":{"start":{"line":7,"column":32},"end":{"line":18,"column":5}},"line":7}},"branchMap":{"0":{"loc":{"start":{"line":11,"column":8},"end":{"line":17,"column":9}},"type":"if","locations":[{"start":{"line":11,"column":8},"end":{"line":17,"column":9}},{"start":{},"end":{}}],"line":11}},"s":{"0":2,"1":2,"2":2,"3":2,"4":2,"5":1},"f":{"0":2},"b":{"0":[2,0]},"_coverageSchema":"1a1c01bbd47fc00a2c39e90264f33305004495a9","hash":"b5501d99b6150b09ae4b5a42ca77508739de05e2"}
,"D:\\MVVM_project\\src\\Observer.js": {"path":"D:\\MVVM_project\\src\\Observer.js","statementMap":{"0":{"start":{"line":8,"column":2},"end":{"line":8,"column":21}},"1":{"start":{"line":12,"column":2},"end":{"line":17,"column":3}},"2":{"start":{"line":13,"column":3},"end":{"line":16,"column":5}},"3":{"start":{"line":14,"column":4},"end":{"line":14,"column":44}},"4":{"start":{"line":15,"column":4},"end":{"line":15,"column":28}},"5":{"start":{"line":27,"column":13},"end":{"line":27,"column":17}},"6":{"start":{"line":28,"column":12},"end":{"line":28,"column":21}},"7":{"start":{"line":29,"column":2},"end":{"line":44,"column":4}},"8":{"start":{"line":31,"column":4},"end":{"line":31,"column":46}},"9":{"start":{"line":32,"column":4},"end":{"line":32,"column":36}},"10":{"start":{"line":33,"column":4},"end":{"line":33,"column":17}},"11":{"start":{"line":36,"column":4},"end":{"line":36,"column":22}},"12":{"start":{"line":37,"column":4},"end":{"line":42,"column":5}},"13":{"start":{"line":38,"column":5},"end":{"line":39,"column":27}},"14":{"start":{"line":39,"column":6},"end":{"line":39,"column":27}},"15":{"start":{"line":40,"column":5},"end":{"line":40,"column":20}},"16":{"start":{"line":41,"column":5},"end":{"line":41,"column":21}},"17":{"start":{"line":50,"column":0},"end":{"line":50,"column":27}}},"fnMap":{"0":{"name":"(anonymous_0)","decl":{"start":{"line":7,"column":1},"end":{"line":7,"column":2}},"loc":{"start":{"line":7,"column":19},"end":{"line":9,"column":2}},"line":7},"1":{"name":"(anonymous_1)","decl":{"start":{"line":11,"column":1},"end":{"line":11,"column":2}},"loc":{"start":{"line":11,"column":14},"end":{"line":18,"column":2}},"line":11},"2":{"name":"(anonymous_2)","decl":{"start":{"line":13,"column":29},"end":{"line":13,"column":30}},"loc":{"start":{"line":13,"column":34},"end":{"line":16,"column":4}},"line":13},"3":{"name":"(anonymous_3)","decl":{"start":{"line":26,"column":1},"end":{"line":26,"column":2}},"loc":{"start":{"line":26,"column":31},"end":{"line":46,"column":2}},"line":26},"4":{"name":"(anonymous_4)","decl":{"start":{"line":30,"column":3},"end":{"line":30,"column":4}},"loc":{"start":{"line":30,"column":8},"end":{"line":34,"column":4}},"line":30},"5":{"name":"(anonymous_5)","decl":{"start":{"line":35,"column":3},"end":{"line":35,"column":4}},"loc":{"start":{"line":35,"column":14},"end":{"line":43,"column":4}},"line":35}},"branchMap":{"0":{"loc":{"start":{"line":12,"column":2},"end":{"line":17,"column":3}},"type":"if","locations":[{"start":{"line":12,"column":2},"end":{"line":17,"column":3}},{"start":{},"end":{}}],"line":12},"1":{"loc":{"start":{"line":31,"column":4},"end":{"line":31,"column":45}},"type":"binary-expr","locations":[{"start":{"line":31,"column":4},"end":{"line":31,"column":14}},{"start":{"line":31,"column":16},"end":{"line":31,"column":45}}],"line":31},"2":{"loc":{"start":{"line":37,"column":4},"end":{"line":42,"column":5}},"type":"if","locations":[{"start":{"line":37,"column":4},"end":{"line":42,"column":5}},{"start":{},"end":{}}],"line":37},"3":{"loc":{"start":{"line":38,"column":5},"end":{"line":39,"column":27}},"type":"if","locations":[{"start":{"line":38,"column":5},"end":{"line":39,"column":27}},{"start":{},"end":{}}],"line":38}},"s":{"0":2,"1":8,"2":4,"3":6,"4":6,"5":6,"6":6,"7":6,"8":33,"9":33,"10":33,"11":0,"12":0,"13":0,"14":0,"15":0,"16":0,"17":1},"f":{"0":2,"1":8,"2":6,"3":6,"4":33,"5":0},"b":{"0":[4,4],"1":[33,12],"2":[0,0],"3":[0,0]},"_coverageSchema":"1a1c01bbd47fc00a2c39e90264f33305004495a9","hash":"ccb0b40f87d68466b117ed8c98c46a57fe2cf666"}
,"D:\\MVVM_project\\src\\Updater.js": {"path":"D:\\MVVM_project\\src\\Updater.js","statementMap":{"0":{"start":{"line":4,"column":16},"end":{"line":23,"column":1}},"1":{"start":{"line":11,"column":8},"end":{"line":11,"column":33}},"2":{"start":{"line":20,"column":8},"end":{"line":20,"column":27}}},"fnMap":{"0":{"name":"(anonymous_0)","decl":{"start":{"line":10,"column":4},"end":{"line":10,"column":5}},"loc":{"start":{"line":10,"column":28},"end":{"line":13,"column":5}},"line":10},"1":{"name":"(anonymous_1)","decl":{"start":{"line":19,"column":4},"end":{"line":19,"column":5}},"loc":{"start":{"line":19,"column":29},"end":{"line":21,"column":5}},"line":19}},"branchMap":{},"s":{"0":1,"1":3,"2":5},"f":{"0":3,"1":5},"b":{},"_coverageSchema":"1a1c01bbd47fc00a2c39e90264f33305004495a9","hash":"ef55fcec7cecbcaa872e4c14a0a676f1d4b38bd2"}
,"D:\\MVVM_project\\src\\Watcher.js": {"path":"D:\\MVVM_project\\src\\Watcher.js","statementMap":{"0":{"start":{"line":13,"column":2},"end":{"line":13,"column":15}},"1":{"start":{"line":14,"column":2},"end":{"line":14,"column":31}},"2":{"start":{"line":15,"column":2},"end":{"line":15,"column":23}},"3":{"start":{"line":17,"column":2},"end":{"line":17,"column":26}},"4":{"start":{"line":25,"column":17},"end":{"line":25,"column":51}},"5":{"start":{"line":26,"column":17},"end":{"line":26,"column":27}},"6":{"start":{"line":27,"column":2},"end":{"line":30,"column":3}},"7":{"start":{"line":29,"column":3},"end":{"line":29,"column":25}},"8":{"start":{"line":37,"column":2},"end":{"line":37,"column":20}},"9":{"start":{"line":38,"column":14},"end":{"line":38,"column":48}},"10":{"start":{"line":39,"column":2},"end":{"line":39,"column":18}},"11":{"start":{"line":40,"column":2},"end":{"line":40,"column":15}}},"fnMap":{"0":{"name":"(anonymous_0)","decl":{"start":{"line":12,"column":1},"end":{"line":12,"column":2}},"loc":{"start":{"line":12,"column":35},"end":{"line":18,"column":2}},"line":12},"1":{"name":"(anonymous_1)","decl":{"start":{"line":23,"column":1},"end":{"line":23,"column":2}},"loc":{"start":{"line":23,"column":10},"end":{"line":31,"column":2}},"line":23},"2":{"name":"(anonymous_2)","decl":{"start":{"line":36,"column":1},"end":{"line":36,"column":2}},"loc":{"start":{"line":36,"column":6},"end":{"line":41,"column":2}},"line":36}},"branchMap":{"0":{"loc":{"start":{"line":27,"column":2},"end":{"line":30,"column":3}},"type":"if","locations":[{"start":{"line":27,"column":2},"end":{"line":30,"column":3}},{"start":{},"end":{}}],"line":27}},"s":{"0":9,"1":9,"2":9,"3":9,"4":1,"5":1,"6":1,"7":0,"8":9,"9":9,"10":9,"11":9},"f":{"0":9,"1":1,"2":9},"b":{"0":[0,1]},"_coverageSchema":"1a1c01bbd47fc00a2c39e90264f33305004495a9","hash":"52f0254d51fcd4dc94d80ad4e875d67a5eedb502"}
,"D:\\MVVM_project\\src\\util.js": {"path":"D:\\MVVM_project\\src\\util.js","statementMap":{"0":{"start":{"line":7,"column":4},"end":{"line":7,"column":31}},"1":{"start":{"line":16,"column":4},"end":{"line":16,"column":31}},"2":{"start":{"line":25,"column":4},"end":{"line":25,"column":34}},"3":{"start":{"line":33,"column":4},"end":{"line":33,"column":36}},"4":{"start":{"line":43,"column":19},"end":{"line":43,"column":34}},"5":{"start":{"line":44,"column":16},"end":{"line":44,"column":23}},"6":{"start":{"line":45,"column":4},"end":{"line":47,"column":5}},"7":{"start":{"line":45,"column":14},"end":{"line":45,"column":15}},"8":{"start":{"line":46,"column":8},"end":{"line":46,"column":35}},"9":{"start":{"line":48,"column":4},"end":{"line":48,"column":17}},"10":{"start":{"line":55,"column":16},"end":{"line":55,"column":28}},"11":{"start":{"line":63,"column":21},"end":{"line":63,"column":39}},"12":{"start":{"line":65,"column":4},"end":{"line":67,"column":5}},"13":{"start":{"line":66,"column":8},"end":{"line":66,"column":87}},"14":{"start":{"line":68,"column":4},"end":{"line":68,"column":22}},"15":{"start":{"line":78,"column":19},"end":{"line":78,"column":34}},"16":{"start":{"line":79,"column":16},"end":{"line":79,"column":23}},"17":{"start":{"line":80,"column":4},"end":{"line":82,"column":5}},"18":{"start":{"line":80,"column":14},"end":{"line":80,"column":15}},"19":{"start":{"line":81,"column":8},"end":{"line":81,"column":35}},"20":{"start":{"line":83,"column":4},"end":{"line":83,"column":48}}},"fnMap":{"0":{"name":"isElementNode","decl":{"start":{"line":6,"column":16},"end":{"line":6,"column":29}},"loc":{"start":{"line":6,"column":35},"end":{"line":8,"column":1}},"line":6},"1":{"name":"isTextNode","decl":{"start":{"line":15,"column":16},"end":{"line":15,"column":26}},"loc":{"start":{"line":15,"column":32},"end":{"line":17,"column":1}},"line":15},"2":{"name":"isDirective","decl":{"start":{"line":24,"column":16},"end":{"line":24,"column":27}},"loc":{"start":{"line":24,"column":33},"end":{"line":26,"column":1}},"line":24},"3":{"name":"isObject","decl":{"start":{"line":32,"column":16},"end":{"line":32,"column":24}},"loc":{"start":{"line":32,"column":32},"end":{"line":34,"column":1}},"line":32},"4":{"name":"findValue","decl":{"start":{"line":42,"column":16},"end":{"line":42,"column":25}},"loc":{"start":{"line":42,"column":34},"end":{"line":49,"column":1}},"line":42},"5":{"name":"getTextValue","decl":{"start":{"line":62,"column":17},"end":{"line":62,"column":29}},"loc":{"start":{"line":62,"column":52},"end":{"line":69,"column":1}},"line":62},"6":{"name":"setValue","decl":{"start":{"line":77,"column":16},"end":{"line":77,"column":24}},"loc":{"start":{"line":77,"column":42},"end":{"line":84,"column":1}},"line":77}},"branchMap":{},"s":{"0":11,"1":3,"2":6,"3":9,"4":20,"5":20,"6":20,"7":20,"8":40,"9":20,"10":1,"11":4,"12":4,"13":4,"14":4,"15":1,"16":1,"17":1,"18":1,"19":1,"20":1},"f":{"0":11,"1":3,"2":6,"3":9,"4":20,"5":4,"6":1},"b":{},"_coverageSchema":"1a1c01bbd47fc00a2c39e90264f33305004495a9","hash":"674b6dec86f727bc91e3606ab46131de7d5112f1"}
}
