TN:
SF:src\Compiler.js
FN:7,(anonymous_0)
FN:23,(anonymous_1)
FN:36,(anonymous_2)
FN:38,(anonymous_3)
FN:52,(anonymous_4)
FN:54,(anonymous_5)
FN:73,(anonymous_6)
FNF:7
FNH:7
FNDA:2,(anonymous_0)
FNDA:2,(anonymous_1)
FNDA:6,(anonymous_2)
FNDA:6,(anonymous_3)
FNDA:4,(anonymous_4)
FNDA:4,(anonymous_5)
FNDA:2,(anonymous_6)
DA:8,2
DA:9,2
DA:10,2
DA:12,2
DA:13,2
DA:14,2
DA:15,2
DA:24,2
DA:26,2
DA:27,4
DA:29,2
DA:37,6
DA:38,6
DA:39,6
DA:40,4
DA:41,4
DA:42,2
DA:43,2
DA:53,4
DA:54,4
DA:55,4
DA:56,4
DA:57,4
DA:58,2
DA:59,2
DA:60,2
DA:61,0
DA:63,2
DA:74,2
DA:75,2
DA:76,2
DA:77,2
DA:83,1
LF:33
LH:32
BRDA:9,0,0,2
BRDA:9,0,1,0
BRDA:10,1,0,2
BRDA:10,1,1,0
BRDA:39,2,0,4
BRDA:39,2,1,2
BRDA:42,3,0,2
BRDA:42,3,1,0
BRDA:57,4,0,2
BRDA:57,4,1,2
BRDA:60,5,0,0
BRDA:60,5,1,2
BRDA:76,6,0,2
BRDA:76,6,1,0
BRF:14
BRH:9
end_of_record
TN:
SF:src\CompilerUtil.js
FN:16,(anonymous_0)
FN:22,(anonymous_1)
FN:35,(anonymous_2)
FN:36,(anonymous_3)
FN:39,(anonymous_4)
FNF:5
FNH:2
FNDA:3,(anonymous_0)
FNDA:0,(anonymous_1)
FNDA:5,(anonymous_2)
FNDA:0,(anonymous_3)
FNDA:0,(anonymous_4)
DA:8,1
DA:17,3
DA:19,3
DA:21,3
DA:22,3
DA:23,0
DA:26,3
DA:36,5
DA:37,0
DA:39,5
DA:40,0
DA:41,0
DA:43,5
LF:13
LH:9
BRF:0
BRH:0
end_of_record
TN:
SF:src\Dep.js
FN:7,(anonymous_0)
FN:15,(anonymous_1)
FN:23,(anonymous_2)
FN:25,(anonymous_3)
FNF:4
FNH:4
FNDA:7,(anonymous_0)
FNDA:13,(anonymous_1)
FNDA:1,(anonymous_2)
FNDA:1,(anonymous_3)
DA:8,7
DA:16,13
DA:25,1
DA:26,1
DA:32,1
LF:5
LH:5
BRF:0
BRH:0
end_of_record
TN:
SF:src\Dmvvm.js
FN:7,(anonymous_0)
FNF:1
FNH:1
FNDA:2,(anonymous_0)
DA:8,2
DA:9,2
DA:11,2
DA:13,2
DA:16,2
DA:21,1
LF:6
LH:6
BRDA:11,0,0,2
BRDA:11,0,1,0
BRF:2
BRH:1
end_of_record
TN:
SF:src\Observer.js
FN:7,(anonymous_0)
FN:11,(anonymous_1)
FN:13,(anonymous_2)
FN:26,(anonymous_3)
FN:30,(anonymous_4)
FN:35,(anonymous_5)
FNF:6
FNH:5
FNDA:2,(anonymous_0)
FNDA:8,(anonymous_1)
FNDA:6,(anonymous_2)
FNDA:6,(anonymous_3)
FNDA:33,(anonymous_4)
FNDA:0,(anonymous_5)
DA:8,2
DA:12,8
DA:13,4
DA:14,6
DA:15,6
DA:27,6
DA:28,6
DA:29,6
DA:31,33
DA:32,33
DA:33,33
DA:36,0
DA:37,0
DA:38,0
DA:39,0
DA:40,0
DA:41,0
DA:50,1
LF:18
LH:12
BRDA:12,0,0,4
BRDA:12,0,1,4
BRDA:31,1,0,33
BRDA:31,1,1,12
BRDA:37,2,0,0
BRDA:37,2,1,0
BRDA:38,3,0,0
BRDA:38,3,1,0
BRF:8
BRH:4
end_of_record
TN:
SF:src\Updater.js
FN:10,(anonymous_0)
FN:19,(anonymous_1)
FNF:2
FNH:2
FNDA:3,(anonymous_0)
FNDA:5,(anonymous_1)
DA:4,1
DA:11,3
DA:20,5
LF:3
LH:3
BRF:0
BRH:0
end_of_record
TN:
SF:src\Watcher.js
FN:12,(anonymous_0)
FN:23,(anonymous_1)
FN:36,(anonymous_2)
FNF:3
FNH:3
FNDA:9,(anonymous_0)
FNDA:1,(anonymous_1)
FNDA:9,(anonymous_2)
DA:13,9
DA:14,9
DA:15,9
DA:17,9
DA:25,1
DA:26,1
DA:27,1
DA:29,0
DA:37,9
DA:38,9
DA:39,9
DA:40,9
LF:12
LH:11
BRDA:27,0,0,0
BRDA:27,0,1,1
BRF:2
BRH:1
end_of_record
TN:
SF:src\util.js
FN:6,isElementNode
FN:15,isTextNode
FN:24,isDirective
FN:32,isObject
FN:42,findValue
FN:62,getTextValue
FN:77,setValue
FNF:7
FNH:7
FNDA:11,isElementNode
FNDA:3,isTextNode
FNDA:6,isDirective
FNDA:9,isObject
FNDA:20,findValue
FNDA:4,getTextValue
FNDA:1,setValue
DA:7,11
DA:16,3
DA:25,6
DA:33,9
DA:43,20
DA:44,20
DA:45,20
DA:46,40
DA:48,20
DA:55,1
DA:63,4
DA:65,4
DA:66,4
DA:68,4
DA:78,1
DA:79,1
DA:80,1
DA:81,1
DA:83,1
LF:19
LH:19
BRF:0
BRH:0
end_of_record
